%PDF-1.2
%¥±ë
1 0 obj
<< /Outlines 2 0 R /Pages 3 0 R /Type /Catalog >>
endobj
2 0 obj
<< /Count 0 /Type /Outlines >>
endobj
3 0 obj
<< /Count 1 /Kids [ 4 0 R ] /Type /Pages >>
endobj
4 0 obj
<< /Contents 5 0 R /MediaBox [ 0 0 612 792 ] /Parent 3 0 R /Resources << /Font << /F1 7 0 R >> /ProcSet 6 0 R >> /Type /Page >>
endobj
5 0 obj
<< /Length 45 >>
stream
BT
/F1 24 Tf
100 100 Td (Hello, world!) Tj
ET
endstream
endobj
6 0 obj
[ /PDF /Text ]
endobj
7 0 obj
<< /BaseFont /Helvetica /Encoding /MacRomanEncoding /Name /F1 /Subtype /Type1 /Type /Font >>
endobj
xref
0 8
0000000000 65535 f 
0000000013 00000 n 
0000000078 00000 n 
0000000124 00000 n 
0000000183 00000 n 
0000000326 00000 n 
0000000421 00000 n 
0000000451 00000 n 
trailer
<< /Root 1 0 R /Size 8 >>
startxref
559
%%EOF